<?xml version="1.0" encoding="UTF-8"?>
<robot generator="Robot 6.1.1 (Python 3.11.5 on win32)" generated="20230905 20:43:23.037" rpa="false" schemaversion="4">
<suite id="s1" name="Preenchimento Incorreto" source="c:\Sandra Siqueira\Profissional\CURSOS\Q.A\Alura\Robot\testes\preenchimento_incorreto.robot">
<test id="s1-t1" name="Verificar se quando um campo obrigatório não for preenchido corretamente o sistema exibe uma mensagem de campo obrigatório" line="11">
<kw name="Dado que eu acesse o Organo" library="setup_teardown" type="SETUP">
<kw name="Open Browser" library="SeleniumLibrary">
<arg>url=http://localhost:3000/</arg>
<arg>browser=Chrome</arg>
<doc>Opens a new browser instance to the optional ``url``.</doc>
<msg timestamp="20230905 20:43:24.325" level="INFO">Opening browser 'Chrome' to base url 'http://localhost:3000/'.</msg>
<status status="PASS" starttime="20230905 20:43:24.324" endtime="20230905 20:43:27.003"/>
</kw>
<status status="PASS" starttime="20230905 20:43:24.323" endtime="20230905 20:43:27.004"/>
</kw>
<kw name="Dado que eu clique no botão criar card" library="cadastro">
<kw name="Click Element" library="SeleniumLibrary">
<arg>${CAMPO_CARD}</arg>
<doc>Click the element identified by ``locator``.</doc>
<msg timestamp="20230905 20:43:27.008" level="INFO">Clicking element 'id:form-botao'.</msg>
<status status="PASS" starttime="20230905 20:43:27.006" endtime="20230905 20:43:27.118"/>
</kw>
<status status="PASS" starttime="20230905 20:43:27.005" endtime="20230905 20:43:27.119"/>
</kw>
<kw name="Então o sistema deve apresentar mensagem de campo obrigatório" library="cadastro">
<kw name="Element Should Be Visible" library="SeleniumLibrary">
<arg>id:form-nome-erro</arg>
<doc>Verifies that the element identified by ``locator`` is visible.</doc>
<msg timestamp="20230905 20:43:27.167" level="INFO">Element 'id:form-nome-erro' is displayed.</msg>
<status status="PASS" starttime="20230905 20:43:27.121" endtime="20230905 20:43:27.168"/>
</kw>
<kw name="Element Should Be Visible" library="SeleniumLibrary">
<arg>id:form-cargo-erro</arg>
<doc>Verifies that the element identified by ``locator`` is visible.</doc>
<msg timestamp="20230905 20:43:27.214" level="INFO">Element 'id:form-cargo-erro' is displayed.</msg>
<status status="PASS" starttime="20230905 20:43:27.168" endtime="20230905 20:43:27.214"/>
</kw>
<kw name="Element Should Be Visible" library="SeleniumLibrary">
<arg>id:form-times-erro</arg>
<doc>Verifies that the element identified by ``locator`` is visible.</doc>
<msg timestamp="20230905 20:43:27.247" level="INFO">Element 'id:form-times-erro' is displayed.</msg>
<status status="PASS" starttime="20230905 20:43:27.215" endtime="20230905 20:43:27.248"/>
</kw>
<status status="PASS" starttime="20230905 20:43:27.120" endtime="20230905 20:43:27.248"/>
</kw>
<kw name="Fechar o navegador" library="setup_teardown" type="TEARDOWN">
<kw name="Close Browser" library="SeleniumLibrary">
<doc>Closes the current browser.</doc>
<status status="PASS" starttime="20230905 20:43:27.250" endtime="20230905 20:43:29.466"/>
</kw>
<status status="PASS" starttime="20230905 20:43:27.249" endtime="20230905 20:43:29.467"/>
</kw>
<status status="PASS" starttime="20230905 20:43:24.322" endtime="20230905 20:43:29.467"/>
</test>
<status status="PASS" starttime="20230905 20:43:23.047" endtime="20230905 20:43:29.470"/>
</suite>
<statistics>
<total>
<stat pass="1" fail="0" skip="0">All Tests</stat>
</total>
<tag>
</tag>
<suite>
<stat pass="1" fail="0" skip="0" id="s1" name="Preenchimento Incorreto">Preenchimento Incorreto</stat>
</suite>
</statistics>
<errors>
</errors>
</robot>
